# JRE version: OpenJDK Runtime Environment Temurin-17.0.3+7 (17.0.3+7) (build 17.0.3+7)
# Java VM: OpenJDK 64-Bit Server VM Temurin-17.0.3+7 (17.0.3+7, mixed mode, sharing, tiered, compressed oops, compressed class ptrs, g1 gc, windows-amd64)
GC Precious Log:
 CPUs: 8 total, 8 available
 Memory: 16258M
 Large Page Support: Disabled
 NUMA Support: Disabled
 Compressed Oops: Enabled (Zero based)
 Heap Region Size: 2M
 Heap Min Capacity: 512M
 Heap Initial Capacity: 512M
 Heap Max Capacity: 4072M
 Pre-touch: Disabled
 Parallel Workers: 8
 Concurrent Workers: 2
 Concurrent Refinement Workers: 8
 Periodic GC: Disabled
 String Deduplication is enabled
Heap:
 garbage-first heap   total 524288K, used 112333K [0x0000000701800000, 0x0000000800000000)
  region size 2048K, 16 young (32768K), 1 survivors (2048K)
 Metaspace       used 83417K, committed 84096K, reserved 1122304K
  class space    used 11455K, committed 11776K, reserved 1048576K
GC Heap History (20 events):
Event: 417.020 GC heap before
{Heap before GC invocations=73 (full 46):
 garbage-first heap   total 524288K, used 82823K [0x0000000701800000, 0x0000000800000000)
  region size 2048K, 2 young (4096K), 0 survivors (0K)
 Metaspace       used 82366K, committed 83008K, reserved 1122304K
  class space    used 11373K, committed 11712K, reserved 1048576K
}
Event: 417.061 GC heap after
{Heap after GC invocations=74 (full 47):
 garbage-first heap   total 524288K, used 82824K [0x0000000701800000, 0x0000000800000000)
  region size 2048K, 0 young (0K), 0 survivors (0K)
 Metaspace       used 82366K, committed 83008K, reserved 1122304K
  class space    used 11373K, committed 11712K, reserved 1048576K
}
Event: 417.123 GC heap before
{Heap before GC invocations=74 (full 47):
 garbage-first heap   total 524288K, used 82824K [0x0000000701800000, 0x0000000800000000)
  region size 2048K, 2 young (4096K), 0 survivors (0K)
 Metaspace       used 82366K, committed 83008K, reserved 1122304K
  class space    used 11373K, committed 11712K, reserved 1048576K
}
Event: 417.166 GC heap after
{Heap after GC invocations=75 (full 48):
 garbage-first heap   total 524288K, used 82826K [0x0000000701800000, 0x0000000800000000)
  region size 2048K, 0 young (0K), 0 survivors (0K)
 Metaspace       used 82366K, committed 83008K, reserved 1122304K
  class space    used 11373K, committed 11712K, reserved 1048576K
}
Event: 417.227 GC heap before
{Heap before GC invocations=75 (full 48):
 garbage-first heap   total 524288K, used 84874K [0x0000000701800000, 0x0000000800000000)
  region size 2048K, 3 young (6144K), 0 survivors (0K)
 Metaspace       used 82368K, committed 83008K, reserved 1122304K
  class space    used 11373K, committed 11712K, reserved 1048576K
}
Event: 417.270 GC heap after
{Heap after GC invocations=76 (full 49):
 garbage-first heap   total 524288K, used 82889K [0x0000000701800000, 0x0000000800000000)
  region size 2048K, 0 young (0K), 0 survivors (0K)
 Metaspace       used 82368K, committed 83008K, reserved 1122304K
  class space    used 11373K, committed 11712K, reserved 1048576K
}
Event: 417.352 GC heap before
{Heap before GC invocations=76 (full 49):
 garbage-first heap   total 524288K, used 84937K [0x0000000701800000, 0x0000000800000000)
  region size 2048K, 3 young (6144K), 0 survivors (0K)
 Metaspace       used 82368K, committed 83008K, reserved 1122304K
  class space    used 11373K, committed 11712K, reserved 1048576K
}
Event: 417.394 GC heap after
{Heap after GC invocations=77 (full 50):
 garbage-first heap   total 524288K, used 82844K [0x0000000701800000, 0x0000000800000000)
  region size 2048K, 0 young (0K), 0 survivors (0K)
 Metaspace       used 82368K, committed 83008K, reserved 1122304K
  class space    used 11373K, committed 11712K, reserved 1048576K
}
Event: 417.462 GC heap before
{Heap before GC invocations=77 (full 50):
 garbage-first heap   total 524288K, used 82844K [0x0000000701800000, 0x0000000800000000)
  region size 2048K, 2 young (4096K), 0 survivors (0K)
 Metaspace       used 82368K, committed 83008K, reserved 1122304K
  class space    used 11373K, committed 11712K, reserved 1048576K
}
Event: 417.502 GC heap after
{Heap after GC invocations=78 (full 51):
 garbage-first heap   total 524288K, used 82855K [0x0000000701800000, 0x0000000800000000)
  region size 2048K, 0 young (0K), 0 survivors (0K)
 Metaspace       used 82368K, committed 83008K, reserved 1122304K
  class space    used 11373K, committed 11712K, reserved 1048576K
}
Event: 418.434 GC heap before
{Heap before GC invocations=78 (full 51):
 garbage-first heap   total 524288K, used 82855K [0x0000000701800000, 0x0000000800000000)
  region size 2048K, 2 young (4096K), 0 survivors (0K)
 Metaspace       used 82368K, committed 83008K, reserved 1122304K
  class space    used 11373K, committed 11712K, reserved 1048576K
}
Event: 418.478 GC heap after
{Heap after GC invocations=79 (full 52):
 garbage-first heap   total 524288K, used 82854K [0x0000000701800000, 0x0000000800000000)
  region size 2048K, 0 young (0K), 0 survivors (0K)
 Metaspace       used 82368K, committed 83008K, reserved 1122304K
  class space    used 11373K, committed 11712K, reserved 1048576K
}
Event: 418.593 GC heap before
{Heap before GC invocations=79 (full 52):
 garbage-first heap   total 524288K, used 82854K [0x0000000701800000, 0x0000000800000000)
  region size 2048K, 2 young (4096K), 0 survivors (0K)
 Metaspace       used 82369K, committed 83008K, reserved 1122304K
  class space    used 11373K, committed 11712K, reserved 1048576K
}
Event: 418.632 GC heap after
{Heap after GC invocations=80 (full 53):
 garbage-first heap   total 524288K, used 82853K [0x0000000701800000, 0x0000000800000000)
  region size 2048K, 0 young (0K), 0 survivors (0K)
 Metaspace       used 82369K, committed 83008K, reserved 1122304K
  class space    used 11373K, committed 11712K, reserved 1048576K
}
Event: 418.690 GC heap before
{Heap before GC invocations=80 (full 53):
 garbage-first heap   total 524288K, used 82853K [0x0000000701800000, 0x0000000800000000)
  region size 2048K, 1 young (2048K), 0 survivors (0K)
 Metaspace       used 82369K, committed 83008K, reserved 1122304K
  class space    used 11373K, committed 11712K, reserved 1048576K
}
Event: 418.735 GC heap after
{Heap after GC invocations=81 (full 54):
 garbage-first heap   total 524288K, used 82851K [0x0000000701800000, 0x0000000800000000)
  region size 2048K, 0 young (0K), 0 survivors (0K)
 Metaspace       used 82369K, committed 83008K, reserved 1122304K
  class space    used 11373K, committed 11712K, reserved 1048576K
}
Event: 447.830 GC heap before
{Heap before GC invocations=81 (full 54):
 garbage-first heap   total 524288K, used 164771K [0x0000000701800000, 0x0000000800000000)
  region size 2048K, 41 young (83968K), 0 survivors (0K)
 Metaspace       used 82433K, committed 83136K, reserved 1122304K
  class space    used 11373K, committed 11712K, reserved 1048576K
}
Event: 447.832 GC heap after
{Heap after GC invocations=82 (full 54):
 garbage-first heap   total 524288K, used 83313K [0x0000000701800000, 0x0000000800000000)
  region size 2048K, 1 young (2048K), 1 survivors (2048K)
 Metaspace       used 82433K, committed 83136K, reserved 1122304K
  class space    used 11373K, committed 11712K, reserved 1048576K
}
Event: 451.905 GC heap before
{Heap before GC invocations=82 (full 54):
 garbage-first heap   total 524288K, used 163185K [0x0000000701800000, 0x0000000800000000)
  region size 2048K, 40 young (81920K), 1 survivors (2048K)
 Metaspace       used 83363K, committed 84032K, reserved 1122304K
  class space    used 11454K, committed 11776K, reserved 1048576K
}
Event: 451.907 GC heap after
{Heap after GC invocations=83 (full 54):
 garbage-first heap   total 524288K, used 83661K [0x0000000701800000, 0x0000000800000000)
  region size 2048K, 1 young (2048K), 1 survivors (2048K)
 Metaspace       used 83363K, committed 84032K, reserved 1122304K
  class space    used 11454K, committed 11776K, reserved 1048576K
}

