# JRE version: OpenJDK Runtime Environment Temurin-17.0.3+7 (17.0.3+7) (build 17.0.3+7)
# Java VM: OpenJDK 64-Bit Server VM Temurin-17.0.3+7 (17.0.3+7, mixed mode, sharing, tiered, compressed oops, compressed class ptrs, g1 gc, windows-amd64)
GC Precious Log:
 CPUs: 8 total, 8 available
 Memory: 16258M
 Large Page Support: Disabled
 NUMA Support: Disabled
 Compressed Oops: Enabled (Zero based)
 Heap Region Size: 2M
 Heap Min Capacity: 512M
 Heap Initial Capacity: 512M
 Heap Max Capacity: 4072M
 Pre-touch: Disabled
 Parallel Workers: 8
 Concurrent Workers: 2
 Concurrent Refinement Workers: 8
 Periodic GC: Disabled
 String Deduplication is enabled
Heap:
 garbage-first heap   total 524288K, used 131996K [0x0000000701800000, 0x0000000800000000)
  region size 2048K, 35 young (71680K), 1 survivors (2048K)
 Metaspace       used 84228K, committed 85248K, reserved 1130496K
  class space    used 11333K, committed 11840K, reserved 1048576K
GC Heap History (20 events):
Event: 12490.338 GC heap before
{Heap before GC invocations=1093 (full 898):
 garbage-first heap   total 524288K, used 65626K [0x0000000701800000, 0x0000000800000000)
  region size 2048K, 3 young (6144K), 0 survivors (0K)
 Metaspace       used 84003K, committed 85248K, reserved 1130496K
  class space    used 11310K, committed 11840K, reserved 1048576K
}
Event: 12490.382 GC heap after
{Heap after GC invocations=1094 (full 899):
 garbage-first heap   total 524288K, used 63581K [0x0000000701800000, 0x0000000800000000)
  region size 2048K, 0 young (0K), 0 survivors (0K)
 Metaspace       used 84003K, committed 85248K, reserved 1130496K
  class space    used 11310K, committed 11840K, reserved 1048576K
}
Event: 12490.396 GC heap before
{Heap before GC invocations=1094 (full 899):
 garbage-first heap   total 524288K, used 65629K [0x0000000701800000, 0x0000000800000000)
  region size 2048K, 3 young (6144K), 0 survivors (0K)
 Metaspace       used 84003K, committed 85248K, reserved 1130496K
  class space    used 11310K, committed 11840K, reserved 1048576K
}
Event: 12490.440 GC heap after
{Heap after GC invocations=1095 (full 900):
 garbage-first heap   total 524288K, used 63577K [0x0000000701800000, 0x0000000800000000)
  region size 2048K, 0 young (0K), 0 survivors (0K)
 Metaspace       used 84003K, committed 85248K, reserved 1130496K
  class space    used 11310K, committed 11840K, reserved 1048576K
}
Event: 12490.596 GC heap before
{Heap before GC invocations=1095 (full 900):
 garbage-first heap   total 524288K, used 63577K [0x0000000701800000, 0x0000000800000000)
  region size 2048K, 2 young (4096K), 0 survivors (0K)
 Metaspace       used 84003K, committed 85248K, reserved 1130496K
  class space    used 11310K, committed 11840K, reserved 1048576K
}
Event: 12490.639 GC heap after
{Heap after GC invocations=1096 (full 901):
 garbage-first heap   total 524288K, used 63576K [0x0000000701800000, 0x0000000800000000)
  region size 2048K, 0 young (0K), 0 survivors (0K)
 Metaspace       used 84003K, committed 85248K, reserved 1130496K
  class space    used 11310K, committed 11840K, reserved 1048576K
}
Event: 12543.560 GC heap before
{Heap before GC invocations=1096 (full 901):
 garbage-first heap   total 524288K, used 145496K [0x0000000701800000, 0x0000000800000000)
  region size 2048K, 40 young (81920K), 0 survivors (0K)
 Metaspace       used 84024K, committed 85248K, reserved 1130496K
  class space    used 11310K, committed 11840K, reserved 1048576K
}
Event: 12543.564 GC heap after
{Heap after GC invocations=1097 (full 901):
 garbage-first heap   total 1572864K, used 63907K [0x0000000701800000, 0x0000000800000000)
  region size 2048K, 1 young (2048K), 1 survivors (2048K)
 Metaspace       used 84024K, committed 85248K, reserved 1130496K
  class space    used 11310K, committed 11840K, reserved 1048576K
}
Event: 12547.637 GC heap before
{Heap before GC invocations=1097 (full 901):
 garbage-first heap   total 1572864K, used 143779K [0x0000000701800000, 0x0000000800000000)
  region size 2048K, 40 young (81920K), 1 survivors (2048K)
 Metaspace       used 84034K, committed 85248K, reserved 1130496K
  class space    used 11310K, committed 11840K, reserved 1048576K
}
Event: 12547.639 GC heap after
{Heap after GC invocations=1098 (full 901):
 garbage-first heap   total 1572864K, used 63866K [0x0000000701800000, 0x0000000800000000)
  region size 2048K, 1 young (2048K), 1 survivors (2048K)
 Metaspace       used 84034K, committed 85248K, reserved 1130496K
  class space    used 11310K, committed 11840K, reserved 1048576K
}
Event: 12550.947 GC heap before
{Heap before GC invocations=1098 (full 901):
 garbage-first heap   total 1572864K, used 131450K [0x0000000701800000, 0x0000000800000000)
  region size 2048K, 35 young (71680K), 1 survivors (2048K)
 Metaspace       used 84144K, committed 85248K, reserved 1130496K
  class space    used 11333K, committed 11840K, reserved 1048576K
}
Event: 12550.997 GC heap after
{Heap after GC invocations=1099 (full 902):
 garbage-first heap   total 524288K, used 64045K [0x0000000701800000, 0x0000000800000000)
  region size 2048K, 0 young (0K), 0 survivors (0K)
 Metaspace       used 84144K, committed 85248K, reserved 1130496K
  class space    used 11333K, committed 11840K, reserved 1048576K
}
Event: 12562.204 GC heap before
{Heap before GC invocations=1099 (full 902):
 garbage-first heap   total 524288K, used 145965K [0x0000000701800000, 0x0000000800000000)
  region size 2048K, 40 young (81920K), 0 survivors (0K)
 Metaspace       used 84199K, committed 85248K, reserved 1130496K
  class space    used 11333K, committed 11840K, reserved 1048576K
}
Event: 12562.205 GC heap after
{Heap after GC invocations=1100 (full 902):
 garbage-first heap   total 524288K, used 65573K [0x0000000701800000, 0x0000000800000000)
  region size 2048K, 1 young (2048K), 1 survivors (2048K)
 Metaspace       used 84199K, committed 85248K, reserved 1130496K
  class space    used 11333K, committed 11840K, reserved 1048576K
}
Event: 12566.235 GC heap before
{Heap before GC invocations=1100 (full 902):
 garbage-first heap   total 524288K, used 73765K [0x0000000701800000, 0x0000000800000000)
  region size 2048K, 6 young (12288K), 1 survivors (2048K)
 Metaspace       used 84199K, committed 85248K, reserved 1130496K
  class space    used 11333K, committed 11840K, reserved 1048576K
}
Event: 12566.283 GC heap after
{Heap after GC invocations=1101 (full 903):
 garbage-first heap   total 524288K, used 64183K [0x0000000701800000, 0x0000000800000000)
  region size 2048K, 0 young (0K), 0 survivors (0K)
 Metaspace       used 84199K, committed 85248K, reserved 1130496K
  class space    used 11333K, committed 11840K, reserved 1048576K
}
Event: 12567.346 GC heap before
{Heap before GC invocations=1101 (full 903):
 garbage-first heap   total 524288K, used 64183K [0x0000000701800000, 0x0000000800000000)
  region size 2048K, 1 young (2048K), 0 survivors (0K)
 Metaspace       used 84199K, committed 85248K, reserved 1130496K
  class space    used 11333K, committed 11840K, reserved 1048576K
}
Event: 12567.393 GC heap after
{Heap after GC invocations=1102 (full 904):
 garbage-first heap   total 524288K, used 64162K [0x0000000701800000, 0x0000000800000000)
  region size 2048K, 0 young (0K), 0 survivors (0K)
 Metaspace       used 84199K, committed 85248K, reserved 1130496K
  class space    used 11333K, committed 11840K, reserved 1048576K
}
Event: 12571.549 GC heap before
{Heap before GC invocations=1102 (full 904):
 garbage-first heap   total 524288K, used 146082K [0x0000000701800000, 0x0000000800000000)
  region size 2048K, 40 young (81920K), 0 survivors (0K)
 Metaspace       used 84219K, committed 85248K, reserved 1130496K
  class space    used 11333K, committed 11840K, reserved 1048576K
}
Event: 12571.550 GC heap after
{Heap after GC invocations=1103 (full 904):
 garbage-first heap   total 524288K, used 64412K [0x0000000701800000, 0x0000000800000000)
  region size 2048K, 1 young (2048K), 1 survivors (2048K)
 Metaspace       used 84219K, committed 85248K, reserved 1130496K
  class space    used 11333K, committed 11840K, reserved 1048576K
}

